#
# A fatal error has been detected by the Java Runtime Environment:
#
#  EXCEPTION_ACCESS_VIOLATION (0xc0000005) at pc=0x0000000068e332a3, pid=5508, tid=0x00000000000015d8
#
# JRE version: Java(TM) SE Runtime Environment (8.0_171-b11) (build 1.8.0_171-b11)
# Java VM: Java HotSpot(TM) 64-Bit Server VM (25.171-b11 mixed mode windows-amd64 compressed oops)
# Problematic frame:
# V  [jvm.dll+0x1132a3]
#
# Failed to write core dump. Minidumps are not enabled by default on client versions of Windows
#
# If you would like to submit a bug report, please visit:
#   http://bugreport.java.com/bugreport/crash.jsp
#

---------------  T H R E A D  ---------------

Current thread (0x000000000305d800):  GCTaskThread [stack: 0x0000000013620000,0x0000000013720000] [id=5592]

siginfo: ExceptionCode=0xc0000005, reading address 0x0000000797454270

Registers:
RAX=0x00000000f2e8a84e, RBX=0x0000000733fceb7c, RCX=0x0000000000000003, RDX=0x0000000733fceb7c
RSP=0x000000001371f6f0, RBP=0x0000000012af46f1, RSI=0x00000007664de1f0, RDI=0x000000001c7a5540
R8 =0x000000001c7a5540, R9 =0x0000000797454270, R10=0x000000000000000c, R11=0x000000000000000c
R12=0x00000000129313c9, R13=0x000000001c7a5540, R14=0x0000000003052380, R15=0x000000000000000c
RIP=0x0000000068e332a3, EFLAGS=0x0000000000010202

Top of Stack: (sp=0x000000001371f6f0)
0x000000001371f6f0:   0000000000000000 0000000000000000
0x000000001371f700:   0000000000000000 0000000000000000
0x000000001371f710:   0000000000000000 0000000068e5aaf6
0x000000001371f720:   0000000000000000 000000001371f758
0x000000001371f730:   0000000000000000 0000000000000000
0x000000001371f740:   000000072de79120 00000000691122ef
0x000000001371f750:   0000000012af46f1 00000007664de1f0
0x000000001371f760:   0000000012af46f1 000000000305d800
0x000000001371f770:   0000000012931200 0000000012af46f1
0x000000001371f780:   0000000000000200 0000000000000180
0x000000001371f790:   0000000003040d50 000000000305a2c0
0x000000001371f7a0:   00000000693784e8 0000000000000000
0x000000001371f7b0:   0000000000000000 000000001c6b5600
0x000000001371f7c0:   000000000305db10 000000000305db00
0x000000001371f7d0:   000000001c7a5540 0000000069124a62
0x000000001371f7e0:   00000000129313c8 0000000003052540 

Instructions: (pc=0x0000000068e332a3)
0x0000000068e33283:   28 4c 8b c1 48 85 d2 0f 84 83 00 00 00 44 8b 0a
0x0000000068e33293:   8b 0d ff 14 69 00 49 d3 e1 4c 03 0d ed 14 69 00
0x0000000068e332a3:   49 8b 01 24 03 3c 03 75 5a 4d 8b 09 80 3d aa 6c
0x0000000068e332b3:   69 00 00 74 0f 41 0f b6 c1 24 07 3c 05 75 05 45 


Register to memory mapping:

RAX=0x00000000f2e8a84e is an unknown value
RBX=0x0000000733fceb7c is pointing into object: 0x000000072de79120
[Ljava.lang.Object; 
 - klass: 'java/lang/Object'[]
 - length: 236557360
RCX=0x0000000000000003 is an unknown value
RDX=0x0000000733fceb7c is pointing into object: 0x000000072de79120
[Ljava.lang.Object; 
 - klass: 'java/lang/Object'[]
 - length: 236557360
RSP=0x000000001371f6f0 is an unknown value
RBP=0x0000000012af46f1 is an unknown value
RSI=
[error occurred during error reporting (printing register info), id 0xc0000005]

Stack: [0x0000000013620000,0x0000000013720000],  sp=0x000000001371f6f0,  free space=1021k
Native frames: (J=compiled Java code, j=interpreted, Vv=VM code, C=native code)
V  [jvm.dll+0x1132a3]
V  [jvm.dll+0x13aaf6]
V  [jvm.dll+0x3f22ef]
V  [jvm.dll+0x404a62]
V  [jvm.dll+0x3f3c9e]
V  [jvm.dll+0x29d40a]
C  [msvcr100.dll+0x21d9f]
C  [msvcr100.dll+0x21e3b]
C  [KERNEL32.DLL+0x8364]
C  [ntdll.dll+0x6e851]


---------------  P R O C E S S  ---------------

Java Threads: ( => current thread )
  0x000000001f0b0800 JavaThread "TimerQueue" daemon [_thread_blocked, id=684, stack(0x00000000207a0000,0x00000000208a0000)]
  0x0000000003042800 JavaThread "DestroyJavaVM" [_thread_blocked, id=1540, stack(0x0000000002e90000,0x0000000002f90000)]
  0x000000001e52e000 JavaThread "AWT-EventQueue-0" [_thread_blocked, id=6316, stack(0x000000001f650000,0x000000001f750000)]
  0x000000001e517000 JavaThread "AWT-Windows" daemon [_thread_in_native, id=8680, stack(0x000000001f530000,0x000000001f630000)]
  0x000000001eb73000 JavaThread "AWT-Shutdown" [_thread_blocked, id=12240, stack(0x000000001f430000,0x000000001f530000)]
  0x000000001eb72800 JavaThread "Java2D Disposer" daemon [_thread_blocked, id=11436, stack(0x000000001f330000,0x000000001f430000)]
  0x000000001e15b000 JavaThread "Service Thread" daemon [_thread_blocked, id=1604, stack(0x000000001e530000,0x000000001e630000)]
  0x000000001c7ef800 JavaThread "C1 CompilerThread2" daemon [_thread_blocked, id=8916, stack(0x000000001e030000,0x000000001e130000)]
  0x000000001c7eb000 JavaThread "C2 CompilerThread1" daemon [_thread_blocked, id=11032, stack(0x000000001df30000,0x000000001e030000)]
  0x000000001c7db000 JavaThread "C2 CompilerThread0" daemon [_thread_blocked, id=12100, stack(0x000000001de30000,0x000000001df30000)]
  0x000000001c7e9800 JavaThread "Attach Listener" daemon [_thread_blocked, id=11260, stack(0x000000001dd30000,0x000000001de30000)]
  0x000000001c7e8000 JavaThread "Signal Dispatcher" daemon [_thread_blocked, id=8340, stack(0x000000001dc30000,0x000000001dd30000)]
  0x000000000313b800 JavaThread "Finalizer" daemon [_thread_blocked, id=10708, stack(0x000000001da40000,0x000000001db40000)]
  0x0000000003132000 JavaThread "Reference Handler" daemon [_thread_blocked, id=9568, stack(0x000000001d940000,0x000000001da40000)]

Other Threads:
  0x000000001c7a7800 VMThread [stack: 0x000000001d840000,0x000000001d940000] [id=2384]
  0x000000001e17b800 WatcherThread [stack: 0x000000001e630000,0x000000001e730000] [id=8188]

=>0x000000000305d800 (exited) GCTaskThread [stack: 0x0000000013620000,0x0000000013720000] [id=5592]

VM state:at safepoint (normal execution)

VM Mutex/Monitor currently owned by a thread:  ([mutex/lock_event])
[0x000000000320d8e0] Threads_lock - owner thread: 0x000000001c7a7800
[0x000000000320dbe0] Heap_lock - owner thread: 0x000000001e52e000

Heap:
 PSYoungGen      total 76288K, used 67034K [0x000000076b400000, 0x0000000774900000, 0x00000007c0000000)
  eden space 65536K, 97% used [0x000000076b400000,0x000000076f26ced0,0x000000076f400000)
  from space 10752K, 28% used [0x000000076f400000,0x000000076f709a40,0x000000076fe80000)
  to   space 10752K, 18% used [0x0000000773e80000,0x0000000774071a20,0x0000000774900000)
 ParOldGen       total 2777088K, used 2696056K [0x00000006c1c00000, 0x000000076b400000, 0x000000076b400000)
  object space 2777088K, 97% used [0x00000006c1c00000,0x00000007664de1f0,0x000000076b400000)
 Metaspace       used 12721K, capacity 12910K, committed 13056K, reserved 1060864K
  class space    used 1676K, capacity 1739K, committed 1792K, reserved 1048576K

Card table byte_map: [0x00000000125d0000,0x0000000012dd0000] byte_map_base: 0x000000000efc2000

Marking Bits: (ParMarkBitMap*) 0x00000000695408c0
 Begin Bits: [0x0000000013720000, 0x00000000176b0000)
 End Bits:   [0x00000000176b0000, 0x000000001b640000)

Polling page: 0x0000000001320000

CodeCache: size=245760Kb used=2969Kb max_used=2969Kb free=242790Kb
 bounds [0x0000000003210000, 0x0000000003500000, 0x0000000012210000]
 total_blobs=1322 nmethods=832 adapters=403
 compilation: enabled

Compilation events (10 events):
Event: 3.102 Thread 0x000000001c7ef800  829   !   3       java.awt.EventQueue::wakeup (79 bytes)
Event: 3.103 Thread 0x000000001c7ef800 nmethod 829 0x00000000034f3110 code [0x00000000034f3320, 0x00000000034f3bd8]
Event: 3.869 Thread 0x000000001c7ef800  830       3       java.awt.event.MouseEvent::<init> (250 bytes)
Event: 3.870 Thread 0x000000001c7ef800 nmethod 830 0x00000000034f4090 code [0x00000000034f4480, 0x00000000034f6bb8]
Event: 3.870 Thread 0x000000001c7ef800  831       3       java.awt.event.InputEvent::<init> (26 bytes)
Event: 3.871 Thread 0x000000001c7ef800 nmethod 831 0x00000000034f2c10 code [0x00000000034f2d80, 0x00000000034f2fd8]
Event: 3.917 Thread 0x000000001c7ef800  832       3       sun.awt.windows.WComponentPeer::postEvent (17 bytes)
Event: 3.918 Thread 0x000000001c7ef800 nmethod 832 0x00000000034ec8d0 code [0x00000000034ecaa0, 0x00000000034ed1f8]
Event: 3.918 Thread 0x000000001c7ef800  833       3       sun.awt.windows.WWindowPeer::preprocessPostEvent (72 bytes)
Event: 3.918 Thread 0x000000001c7ef800 nmethod 833 0x00000000034f80d0 code [0x00000000034f8280, 0x00000000034f8978]

GC Heap History (3 events):
Event: 2.607 GC heap before
{Heap before GC invocations=1 (full 0):
 PSYoungGen      total 76288K, used 60014K [0x000000076b400000, 0x0000000770900000, 0x00000007c0000000)
  eden space 65536K, 91% used [0x000000076b400000,0x000000076ee9b8e8,0x000000076f400000)
  from space 10752K, 0% used [0x000000076fe80000,0x000000076fe80000,0x0000000770900000)
  to   space 10752K, 0% used [0x000000076f400000,0x000000076f400000,0x000000076fe80000)
 ParOldGen       total 175104K, used 0K [0x00000006c1c00000, 0x00000006cc700000, 0x000000076b400000)
  object space 175104K, 0% used [0x00000006c1c00000,0x00000006c1c00000,0x00000006cc700000)
 Metaspace       used 12713K, capacity 12910K, committed 13056K, reserved 1060864K
  class space    used 1676K, capacity 1739K, committed 1792K, reserved 1048576K
Event: 2.640 GC heap after
Heap after GC invocations=1 (full 0):
 PSYoungGen      total 76288K, used 3110K [0x000000076b400000, 0x0000000774900000, 0x00000007c0000000)
  eden space 65536K, 0% used [0x000000076b400000,0x000000076b400000,0x000000076f400000)
  from space 10752K, 28% used [0x000000076f400000,0x000000076f709a40,0x000000076fe80000)
  to   space 10752K, 0% used [0x0000000773e80000,0x0000000773e80000,0x0000000774900000)
 ParOldGen       total 175104K, used 32065K [0x00000006c1c00000, 0x00000006cc700000, 0x000000076b400000)
  object space 175104K, 18% used [0x00000006c1c00000,0x00000006c3b50400,0x00000006cc700000)
 Metaspace       used 12713K, capacity 12910K, committed 13056K, reserved 1060864K
  class space    used 1676K, capacity 1739K, committed 1792K, reserved 1048576K
}
Event: 5.318 GC heap before
{Heap before GC invocations=2 (full 0):
 PSYoungGen      total 76288K, used 67034K [0x000000076b400000, 0x0000000774900000, 0x00000007c0000000)
  eden space 65536K, 97% used [0x000000076b400000,0x000000076f26ced0,0x000000076f400000)
  from space 10752K, 28% used [0x000000076f400000,0x000000076f709a40,0x000000076fe80000)
  to   space 10752K, 0% used [0x0000000773e80000,0x0000000773e80000,0x0000000774900000)
 ParOldGen       total 2777088K, used 2696056K [0x00000006c1c00000, 0x000000076b400000, 0x000000076b400000)
  object space 2777088K, 97% used [0x00000006c1c00000,0x00000007664de1f0,0x000000076b400000)
 Metaspace       used 12721K, capacity 12910K, committed 13056K, reserved 1060864K
  class space    used 1676K, capacity 1739K, committed 1792K, reserved 1048576K

Deoptimization events (10 events):
Event: 0.311 Thread 0x000000001e52e000 Uncommon trap: reason=class_check action=maybe_recompile pc=0x000000000341e188 method=javax.swing.plaf.nimbus.DerivedColor$UIResource.equals(Ljava/lang/Object;)Z @ 1
Event: 0.312 Thread 0x000000001e52e000 Uncommon trap: reason=class_check action=maybe_recompile pc=0x000000000341e188 method=javax.swing.plaf.nimbus.DerivedColor$UIResource.equals(Ljava/lang/Object;)Z @ 1
Event: 0.312 Thread 0x000000001e52e000 Uncommon trap: reason=class_check action=maybe_recompile pc=0x000000000341e188 method=javax.swing.plaf.nimbus.DerivedColor$UIResource.equals(Ljava/lang/Object;)Z @ 1
Event: 0.346 Thread 0x000000001e52e000 Uncommon trap: reason=bimorphic action=maybe_recompile pc=0x0000000003411cfc method=java.util.HashMap.putVal(ILjava/lang/Object;Ljava/lang/Object;ZZ)Ljava/lang/Object; @ 152
Event: 0.367 Thread 0x000000001e52e000 Uncommon trap: reason=unstable_if action=reinterpret pc=0x0000000003438400 method=java.lang.CharacterData.of(I)Ljava/lang/CharacterData; @ 4
Event: 1.634 Thread 0x000000001e52e000 Uncommon trap: reason=unstable_if action=reinterpret pc=0x000000000344bb10 method=java.awt.MultipleGradientPaintContext.indexIntoGradientsArrays(F)I @ 93
Event: 2.238 Thread 0x000000001e52e000 Uncommon trap: reason=bimorphic action=maybe_recompile pc=0x0000000003411cfc method=java.util.HashMap.putVal(ILjava/lang/Object;Ljava/lang/Object;ZZ)Ljava/lang/Object; @ 152
Event: 2.446 Thread 0x000000001e52e000 Uncommon trap: reason=class_check action=maybe_recompile pc=0x0000000003395bcc method=java.lang.String.equals(Ljava/lang/Object;)Z @ 8
Event: 2.446 Thread 0x000000001e52e000 Uncommon trap: reason=bimorphic action=maybe_recompile pc=0x0000000003411cfc method=java.util.HashMap.putVal(ILjava/lang/Object;Ljava/lang/Object;ZZ)Ljava/lang/Object; @ 152
Event: 2.450 Thread 0x000000001e52e000 Uncommon trap: reason=bimorphic action=maybe_recompile pc=0x0000000003411cfc method=java.util.HashMap.putVal(ILjava/lang/Object;Ljava/lang/Object;ZZ)Ljava/lang/Object; @ 152

Classes redefined (0 events):
No events

Internal exceptions (10 events):
Event: 0.201 Thread 0x0000000003042800 Exception <a 'java/lang/ClassNotFoundException': ToolBar> (0x000000076b944948) thrown at [C:\re\workspace\8-2-build-windows-amd64-cygwin\jdk8u171\10807\hotspot\src\share\vm\classfile\systemDictionary.cpp, line 210]
Event: 0.201 Thread 0x0000000003042800 Exception <a 'java/lang/ClassNotFoundException': ToggleButton> (0x000000076b944ef8) thrown at [C:\re\workspace\8-2-build-windows-amd64-cygwin\jdk8u171\10807\hotspot\src\share\vm\classfile\systemDictionary.cpp, line 210]
Event: 0.201 Thread 0x0000000003042800 Exception <a 'java/lang/ClassNotFoundException': javax/swing/JToolBarSeparator> (0x000000076b945358) thrown at [C:\re\workspace\8-2-build-windows-amd64-cygwin\jdk8u171\10807\hotspot\src\share\vm\classfile\systemDictionary.cpp, line 210]
Event: 0.201 Thread 0x0000000003042800 Exception <a 'java/lang/ClassNotFoundException': ToolBarSeparator> (0x000000076b9457f0) thrown at [C:\re\workspace\8-2-build-windows-amd64-cygwin\jdk8u171\10807\hotspot\src\share\vm\classfile\systemDictionary.cpp, line 210]
Event: 0.201 Thread 0x0000000003042800 Exception <a 'java/lang/ClassNotFoundException': ToolTip> (0x000000076b945f30) thrown at [C:\re\workspace\8-2-build-windows-amd64-cygwin\jdk8u171\10807\hotspot\src\share\vm\classfile\systemDictionary.cpp, line 210]
Event: 0.202 Thread 0x0000000003042800 Exception <a 'java/lang/ClassNotFoundException': Tree> (0x000000076b946b50) thrown at [C:\re\workspace\8-2-build-windows-amd64-cygwin\jdk8u171\10807\hotspot\src\share\vm\classfile\systemDictionary.cpp, line 210]
Event: 0.202 Thread 0x0000000003042800 Exception <a 'java/lang/ClassNotFoundException': Tree> (0x000000076b947290) thrown at [C:\re\workspace\8-2-build-windows-amd64-cygwin\jdk8u171\10807\hotspot\src\share\vm\classfile\systemDictionary.cpp, line 210]
Event: 0.202 Thread 0x0000000003042800 Exception <a 'java/lang/ClassNotFoundException': javax/swing/JTreeCell> (0x000000076b947610) thrown at [C:\re\workspace\8-2-build-windows-amd64-cygwin\jdk8u171\10807\hotspot\src\share\vm\classfile\systemDictionary.cpp, line 210]
Event: 0.202 Thread 0x0000000003042800 Exception <a 'java/lang/ClassNotFoundException': TreeCell> (0x000000076b947a98) thrown at [C:\re\workspace\8-2-build-windows-amd64-cygwin\jdk8u171\10807\hotspot\src\share\vm\classfile\systemDictionary.cpp, line 210]
Event: 0.202 Thread 0x0000000003042800 Exception <a 'java/lang/ClassNotFoundException': RootPane> (0x000000076b9484f8) thrown at [C:\re\workspace\8-2-build-windows-amd64-cygwin\jdk8u171\10807\hotspot\src\share\vm\classfile\systemDictionary.cpp, line 210]

Events (10 events):
Event: 2.536 loading class sun/swing/DefaultLayoutStyle done
Event: 2.545 loading class javax/swing/SizeRequirements
Event: 2.545 loading class javax/swing/SizeRequirements done
Event: 2.567 Thread 0x000000001e52e000 DEOPT PACKING pc=0x00000000034ef495 sp=0x000000001f74c870
Event: 2.567 Thread 0x000000001e52e000 DEOPT UNPACKING pc=0x0000000003257890 sp=0x000000001f74c668 mode 0
Event: 2.607 Executing VM operation: ParallelGCFailedAllocation
Event: 2.640 Executing VM operation: ParallelGCFailedAllocation done
Event: 4.096 Executing VM operation: EnableBiasedLocking
Event: 4.156 Executing VM operation: EnableBiasedLocking done
Event: 5.318 Executing VM operation: ParallelGCFailedAllocation


Dynamic libraries:
0x00007ff78fbb0000 - 0x00007ff78fbe7000 	C:\Program Files\Java\jdk1.8.0_171\bin\java.exe
0x00007ffa84c80000 - 0x00007ffa84e50000 	C:\Windows\SYSTEM32\ntdll.dll
0x00007ffa840f0000 - 0x00007ffa8419c000 	C:\Windows\System32\KERNEL32.DLL
0x00007ffa81ff0000 - 0x00007ffa8220d000 	C:\Windows\System32\KERNELBASE.dll
0x00007ffa84440000 - 0x00007ffa844e2000 	C:\Windows\System32\ADVAPI32.dll
0x00007ffa83a50000 - 0x00007ffa83aee000 	C:\Windows\System32\msvcrt.dll
0x00007ffa83bc0000 - 0x00007ffa83c19000 	C:\Windows\System32\sechost.dll
0x00007ffa83f90000 - 0x00007ffa840b1000 	C:\Windows\System32\RPCRT4.dll
0x00007ffa83c80000 - 0x00007ffa83de5000 	C:\Windows\System32\USER32.dll
0x00007ffa81dc0000 - 0x00007ffa81dde000 	C:\Windows\System32\win32u.dll
0x00007ffa83df0000 - 0x00007ffa83e24000 	C:\Windows\System32\GDI32.dll
0x00007ffa81280000 - 0x00007ffa81401000 	C:\Windows\System32\gdi32full.dll
0x00007ffa75ae0000 - 0x00007ffa75d5a000 	C:\Windows\WinSxS\amd64_microsoft.windows.common-controls_6595b64144ccf1df_6.0.14393.2608_none_7ddacc7e8347078e\COMCTL32.dll
0x00007ffa849b0000 - 0x00007ffa84c75000 	C:\Windows\System32\combase.dll
0x00007ffa81410000 - 0x00007ffa81505000 	C:\Windows\System32\ucrtbase.dll
0x00007ffa81e80000 - 0x00007ffa81eea000 	C:\Windows\System32\bcryptPrimitives.dll
0x00007ffa840c0000 - 0x00007ffa840ee000 	C:\Windows\System32\IMM32.DLL
0x0000000068c40000 - 0x0000000068d12000 	C:\Program Files\Java\jdk1.8.0_171\jre\bin\msvcr100.dll
0x0000000068d20000 - 0x00000000695c0000 	C:\Program Files\Java\jdk1.8.0_171\jre\bin\server\jvm.dll
0x00007ffa84930000 - 0x00007ffa84938000 	C:\Windows\System32\PSAPI.DLL
0x00007ffa6de80000 - 0x00007ffa6de89000 	C:\Windows\SYSTEM32\WSOCK32.dll
0x00007ffa7f440000 - 0x00007ffa7f463000 	C:\Windows\SYSTEM32\WINMM.dll
0x00007ffa74fe0000 - 0x00007ffa74fea000 	C:\Windows\SYSTEM32\VERSION.dll
0x00007ffa83b50000 - 0x00007ffa83bba000 	C:\Windows\System32\WS2_32.dll
0x0000000001340000 - 0x000000000136b000 	C:\Windows\SYSTEM32\WINMMBASE.dll
0x00007ffa81ef0000 - 0x00007ffa81f32000 	C:\Windows\System32\cfgmgr32.dll
0x0000000068bf0000 - 0x0000000068bff000 	C:\Program Files\Java\jdk1.8.0_171\jre\bin\verify.dll
0x0000000068bc0000 - 0x0000000068be9000 	C:\Program Files\Java\jdk1.8.0_171\jre\bin\java.dll
0x0000000068ba0000 - 0x0000000068bb6000 	C:\Program Files\Java\jdk1.8.0_171\jre\bin\zip.dll
0x00007ffa822d0000 - 0x00007ffa837d5000 	C:\Windows\System32\SHELL32.dll
0x00007ffa81510000 - 0x00007ffa81be9000 	C:\Windows\System32\windows.storage.dll
0x00007ffa81110000 - 0x00007ffa8115c000 	C:\Windows\System32\powrprof.dll
0x00007ffa83c20000 - 0x00007ffa83c72000 	C:\Windows\System32\shlwapi.dll
0x00007ffa81100000 - 0x00007ffa8110f000 	C:\Windows\System32\kernel.appcore.dll
0x00007ffa811d0000 - 0x00007ffa81279000 	C:\Windows\System32\shcore.dll
0x00007ffa810e0000 - 0x00007ffa810f4000 	C:\Windows\System32\profapi.dll
0x00000000689c0000 - 0x0000000068b58000 	C:\Program Files\Java\jdk1.8.0_171\jre\bin\awt.dll
0x00007ffa82210000 - 0x00007ffa822cf000 	C:\Windows\System32\OLEAUT32.dll
0x00007ffa81de0000 - 0x00007ffa81e7c000 	C:\Windows\System32\msvcp_win.dll
0x00007ffa7f170000 - 0x00007ffa7f1ea000 	C:\Windows\SYSTEM32\apphelp.dll
0x00007ffa7f6c0000 - 0x00007ffa7f755000 	C:\Windows\system32\uxtheme.dll
0x00007ffa83e30000 - 0x00007ffa83f8a000 	C:\Windows\System32\MSCTF.dll
0x00007ffa7f100000 - 0x00007ffa7f126000 	C:\Windows\system32\dwmapi.dll
0x00007ffa83910000 - 0x00007ffa83a48000 	C:\Windows\System32\ole32.dll
0x0000000068970000 - 0x00000000689b7000 	C:\Program Files\Java\jdk1.8.0_171\jre\bin\fontmanager.dll
0x00007ffa64690000 - 0x00007ffa647b3000 	C:\Windows\system32\opengl32.dll
0x00007ffa76190000 - 0x00007ffa761bd000 	C:\Windows\SYSTEM32\GLU32.dll
0x00007ffa64080000 - 0x00007ffa64177000 	C:\Windows\SYSTEM32\DDRAW.dll
0x00007ffa78840000 - 0x00007ffa78848000 	C:\Windows\SYSTEM32\DCIMAN32.dll
0x0000000068b80000 - 0x0000000068b9a000 	C:\Program Files\Java\jdk1.8.0_171\jre\bin\net.dll
0x00007ffa809b0000 - 0x00007ffa80a0c000 	C:\Windows\system32\mswsock.dll
0x0000000068b60000 - 0x0000000068b71000 	C:\Program Files\Java\jdk1.8.0_171\jre\bin\nio.dll
0x0000000068920000 - 0x0000000068962000 	C:\Program Files\Java\jdk1.8.0_171\jre\bin\t2k.dll
0x0000000068820000 - 0x000000006884a000 	C:\Program Files\Java\jdk1.8.0_171\jre\bin\dcpr.dll
0x00007ffa83870000 - 0x00007ffa8390f000 	C:\Windows\System32\clbcatq.dll
0x00007ffa7c560000 - 0x00007ffa7c708000 	C:\Windows\SYSTEM32\WindowsCodecs.dll
0x00007ffa68760000 - 0x00007ffa687a9000 	C:\Windows\system32\dataexchange.dll
0x00007ffa7d2d0000 - 0x00007ffa7d586000 	C:\Windows\system32\d3d11.dll
0x00007ffa7d8f0000 - 0x00007ffa7da41000 	C:\Windows\system32\dcomp.dll
0x00007ffa7fe60000 - 0x00007ffa7feff000 	C:\Windows\system32\dxgi.dll
0x00007ffa7f8c0000 - 0x00007ffa7f9dc000 	C:\Windows\system32\twinapi.appcore.dll
0x00007ffa81020000 - 0x00007ffa8104b000 	C:\Windows\system32\bcrypt.dll
0x00007ffa68900000 - 0x00007ffa68a92000 	C:\Windows\SYSTEM32\dbghelp.dll

VM Arguments:
jvm_args: -Dfile.encoding=UTF-8 
java_command: KanjiCounting.MainMenu
java_class_path (initial): C:\Users\h-drennen\Dropbox\MP5 Millennium\KanjiCounting\build\classes
Launcher Type: SUN_STANDARD

Environment Variables:
PATH=C:\Program Files (x86)\NVIDIA Corporation\PhysX\Common;C:\Program Files (x86)\Common Files\Oracle\Java\javapath;C:\Windows\system32;C:\Windows;C:\Windows\System32\Wbem;C:\Windows\System32\WindowsPowerShell\v1.0\;C:\Program Files\MATLAB\R2018a\bin;C:\Program Files\Microsoft SQL Server\Client SDK\ODBC\110\Tools\Binn\;C:\Program Files (x86)\Microsoft SQL Server\120\Tools\Binn\;C:\Program Files\Microsoft SQL Server\120\Tools\Binn\;C:\Program Files\Microsoft SQL Server\120\DTS\Binn\;C:\Program Files (x86)\Windows Kits\8.1\Windows Performance Toolkit\;C:\Program Files (x86)\National Instruments\Shared\LabVIEW CLI;C:\Program Files (x86)\IVI Foundation\IVI\bin;C:\Program Files\IVI Foundation\IVI\bin;C:\Program Files (x86)\IVI Foundation\VISA\WinNT\Bin\;C:\Program Files\IVI Foundation\VISA\Win64\Bin\;C:\Program Files (x86)\IVI Foundation\VISA\WinNT\Bin;C:\Users\h-drennen\AppData\Local\Microsoft\WindowsApps;
USERNAME=h-drennen
OS=Windows_NT
PROCESSOR_IDENTIFIER=Intel64 Family 6 Model 94 Stepping 3, GenuineIntel



---------------  S Y S T E M  ---------------

OS: Windows 10.0 , 64 bit Build 14393 (10.0.14393.2608)

CPU:total 4 (initial active 4) (4 cores per cpu, 1 threads per core) family 6 model 94 stepping 3, cmov, cx8, fxsr, mmx, sse, sse2, sse3, ssse3, sse4.1, sse4.2, popcnt, avx, avx2, aes, clmul, erms, rtm, 3dnowpref, lzcnt, tsc, tscinvbit, bmi1, bmi2, adx

Memory: 4k page, physical 16659320k(7663824k free), swap 19149688k(9946684k free)

vm_info: Java HotSpot(TM) 64-Bit Server VM (25.171-b11) for windows-amd64 JRE (1.8.0_171-b11), built on Mar 28 2018 16:06:12 by "java_re" with MS VC++ 10.0 (VS2010)

time: Tue Apr 23 14:40:16 2019
elapsed time: 5 seconds (0d 0h 0m 5s)

