#
# A fatal error has been detected by the Java Runtime Environment:
#
#  EXCEPTION_ACCESS_VIOLATION (0xc0000005) at pc=0x0000000068e332a3, pid=5140, tid=0x0000000000001890
#
# JRE version: Java(TM) SE Runtime Environment (8.0_171-b11) (build 1.8.0_171-b11)
# Java VM: Java HotSpot(TM) 64-Bit Server VM (25.171-b11 mixed mode windows-amd64 compressed oops)
# Problematic frame:
# V  [jvm.dll+0x1132a3]
#
# Failed to write core dump. Minidumps are not enabled by default on client versions of Windows
#
# If you would like to submit a bug report, please visit:
#   http://bugreport.java.com/bugreport/crash.jsp
#

---------------  T H R E A D  ---------------

Current thread (0x00000000024f8000):  GCTaskThread [stack: 0x00000000126f0000,0x00000000127f0000] [id=6288]

siginfo: ExceptionCode=0xc0000005, reading address 0x00000007cf454150

Registers:
RAX=0x00000000f9e8a82a, RBX=0x00000007526d7034, RCX=0x0000000000000003, RDX=0x00000007526d7034
RSP=0x00000000127efa30, RBP=0x0000000011ec46f1, RSI=0x00000007664de1f0, RDI=0x000000001bb75000
R8 =0x000000001bb75000, R9 =0x00000007cf454150, R10=0x000000000000000c, R11=0x000000000000000c
R12=0x0000000011d013c9, R13=0x000000001bb75000, R14=0x00000000024f2590, R15=0x000000000000000c
RIP=0x0000000068e332a3, EFLAGS=0x0000000000010206

Top of Stack: (sp=0x00000000127efa30)
0x00000000127efa30:   0000000000000000 0000000000000000
0x00000000127efa40:   0000000000000000 0000000000000000
0x00000000127efa50:   0000000000000000 0000000068e5aaf6
0x00000000127efa60:   0000000000000000 0000000069121605
0x00000000127efa70:   0000000000000000 0000000000000000
0x00000000127efa80:   000000072de79120 00000000691122ef
0x00000000127efa90:   0000000011ec46f1 00000007664de1f0
0x00000000127efaa0:   0000000011ec46f1 00000000024f8000
0x00000000127efab0:   0000000011d01200 0000000011ec46f1
0x00000000127efac0:   0000000000000200 0000000000000180
0x00000000127efad0:   00000000024e12d0 00000000024ee5a0
0x00000000127efae0:   00000000693784e8 0000000000000000
0x00000000127efaf0:   0000000000000000 000000001ba857d0
0x00000000127efb00:   00000000024f8240 00000000024f8230
0x00000000127efb10:   000000001bb75000 0000000069124a62
0x00000000127efb20:   0000000011d013c8 00000000024f2750 

Instructions: (pc=0x0000000068e332a3)
0x0000000068e33283:   28 4c 8b c1 48 85 d2 0f 84 83 00 00 00 44 8b 0a
0x0000000068e33293:   8b 0d ff 14 69 00 49 d3 e1 4c 03 0d ed 14 69 00
0x0000000068e332a3:   49 8b 01 24 03 3c 03 75 5a 4d 8b 09 80 3d aa 6c
0x0000000068e332b3:   69 00 00 74 0f 41 0f b6 c1 24 07 3c 05 75 05 45 


Register to memory mapping:

RAX=0x00000000f9e8a82a is an unknown value
RBX=0x00000007526d7034 is pointing into object: 0x000000072de79120
[Ljava.lang.Object; 
 - klass: 'java/lang/Object'[]
 - length: 236557360
RCX=0x0000000000000003 is an unknown value
RDX=0x00000007526d7034 is pointing into object: 0x000000072de79120
[Ljava.lang.Object; 
 - klass: 'java/lang/Object'[]
 - length: 236557360
RSP=0x00000000127efa30 is an unknown value
RBP=0x0000000011ec46f1 is an unknown value
RSI=
[error occurred during error reporting (printing register info), id 0xc0000005]

Stack: [0x00000000126f0000,0x00000000127f0000],  sp=0x00000000127efa30,  free space=1022k
Native frames: (J=compiled Java code, j=interpreted, Vv=VM code, C=native code)
V  [jvm.dll+0x1132a3]
V  [jvm.dll+0x13aaf6]
V  [jvm.dll+0x3f22ef]
V  [jvm.dll+0x404a62]
V  [jvm.dll+0x3f3c9e]
V  [jvm.dll+0x29d40a]
C  [msvcr100.dll+0x21d9f]
C  [msvcr100.dll+0x21e3b]
C  [KERNEL32.DLL+0x8364]
C  [ntdll.dll+0x6e851]


---------------  P R O C E S S  ---------------

Java Threads: ( => current thread )
  0x000000001eef2000 JavaThread "TimerQueue" daemon [_thread_blocked, id=3492, stack(0x000000001fc00000,0x000000001fd00000)]
  0x00000000024e2800 JavaThread "DestroyJavaVM" [_thread_blocked, id=8800, stack(0x0000000002390000,0x0000000002490000)]
  0x000000001e9c1000 JavaThread "AWT-EventQueue-0" [_thread_blocked, id=8144, stack(0x000000001e2c0000,0x000000001e3c0000)]
  0x000000001d8eb800 JavaThread "AWT-Windows" daemon [_thread_blocked, id=340, stack(0x000000001e100000,0x000000001e200000)]
  0x000000001d8e5800 JavaThread "AWT-Shutdown" [_thread_blocked, id=7608, stack(0x000000001e000000,0x000000001e100000)]
  0x000000001d8e5000 JavaThread "Java2D Disposer" daemon [_thread_blocked, id=12208, stack(0x000000001df00000,0x000000001e000000)]
  0x000000001bc0d800 JavaThread "Service Thread" daemon [_thread_blocked, id=12024, stack(0x000000001d900000,0x000000001da00000)]
  0x000000001bbbd800 JavaThread "C1 CompilerThread2" daemon [_thread_blocked, id=7548, stack(0x000000001d400000,0x000000001d500000)]
  0x000000001bbb7000 JavaThread "C2 CompilerThread1" daemon [_thread_blocked, id=3684, stack(0x000000001d300000,0x000000001d400000)]
  0x000000001bbb4000 JavaThread "C2 CompilerThread0" daemon [_thread_blocked, id=6176, stack(0x000000001d200000,0x000000001d300000)]
  0x000000001bbb1800 JavaThread "Attach Listener" daemon [_thread_blocked, id=11748, stack(0x000000001d100000,0x000000001d200000)]
  0x000000001bbb0000 JavaThread "Signal Dispatcher" daemon [_thread_blocked, id=5544, stack(0x000000001d000000,0x000000001d100000)]
  0x00000000025de000 JavaThread "Finalizer" daemon [_thread_blocked, id=8472, stack(0x000000001ce10000,0x000000001cf10000)]
  0x000000001bb79800 JavaThread "Reference Handler" daemon [_thread_blocked, id=6224, stack(0x000000001cd10000,0x000000001ce10000)]

Other Threads:
  0x000000001bb77800 VMThread [stack: 0x000000001cc10000,0x000000001cd10000] [id=6844]
  0x000000001bc0e800 WatcherThread [stack: 0x000000001da00000,0x000000001db00000] [id=11080]

=>0x00000000024f8000 (exited) GCTaskThread [stack: 0x00000000126f0000,0x00000000127f0000] [id=6288]

VM state:at safepoint (normal execution)

VM Mutex/Monitor currently owned by a thread:  ([mutex/lock_event])
[0x00000000024ddaf0] Threads_lock - owner thread: 0x000000001bb77800
[0x00000000024de4f0] Heap_lock - owner thread: 0x000000001e9c1000

Heap:
 PSYoungGen      total 76288K, used 66379K [0x000000076b400000, 0x0000000770900000, 0x00000007c0000000)
  eden space 65536K, 96% used [0x000000076b400000,0x000000076f1c9210,0x000000076f400000)
  from space 10752K, 28% used [0x000000076f400000,0x000000076f709a40,0x000000076fe80000)
  to   space 10752K, 28% used [0x000000076fe80000,0x0000000770179a20,0x0000000770900000)
 ParOldGen       total 2777088K, used 2696056K [0x00000006c1c00000, 0x000000076b400000, 0x000000076b400000)
  object space 2777088K, 97% used [0x00000006c1c00000,0x00000007664de1f0,0x000000076b400000)
 Metaspace       used 12725K, capacity 12942K, committed 13056K, reserved 1060864K
  class space    used 1679K, capacity 1771K, committed 1792K, reserved 1048576K

Card table byte_map: [0x00000000119a0000,0x00000000121a0000] byte_map_base: 0x000000000e392000

Marking Bits: (ParMarkBitMap*) 0x00000000695408c0
 Begin Bits: [0x0000000012af0000, 0x0000000016a80000)
 End Bits:   [0x0000000016a80000, 0x000000001aa10000)

Polling page: 0x0000000000b50000

CodeCache: size=245760Kb used=2906Kb max_used=2918Kb free=242853Kb
 bounds [0x00000000025e0000, 0x00000000028c0000, 0x00000000115e0000]
 total_blobs=1306 nmethods=814 adapters=405
 compilation: enabled

Compilation events (10 events):
Event: 3.590 Thread 0x000000001bbb7000 nmethod 811 0x00000000028b4810 code [0x00000000028b4960, 0x00000000028b4a38]
Event: 3.592 Thread 0x000000001bbbd800  812 % !   3       KanjiCounting.TreasureHunt::TreasureHunt @ 11 (108 bytes)
Event: 3.592 Thread 0x000000001bbb4000 nmethod 810 0x00000000028b2bd0 code [0x00000000028b2d20, 0x00000000028b3048]
Event: 3.593 Thread 0x000000001bbbd800 nmethod 812% 0x00000000028b6510 code [0x00000000028b67c0, 0x00000000028b7b08]
Event: 3.593 Thread 0x000000001bbbd800  813   !   3       KanjiCounting.TreasureHunt::TreasureHunt (108 bytes)
Event: 3.594 Thread 0x000000001bbbd800 nmethod 813 0x00000000028b8710 code [0x00000000028b89c0, 0x00000000028b9c68]
Event: 3.594 Thread 0x000000001bbb7000  814 % !   4       KanjiCounting.TreasureHunt::TreasureHunt @ 11 (108 bytes)
Event: 3.599 Thread 0x000000001bbb7000 nmethod 814% 0x00000000028b1f50 code [0x00000000028b20c0, 0x00000000028b26e8]
Event: 5.035 Thread 0x000000001bbbd800  815       3       java.awt.event.ComponentEvent::<init> (7 bytes)
Event: 5.035 Thread 0x000000001bbbd800 nmethod 815 0x00000000028b1b50 code [0x00000000028b1cc0, 0x00000000028b1e48]

GC Heap History (3 events):
Event: 3.644 GC heap before
{Heap before GC invocations=1 (full 0):
 PSYoungGen      total 76288K, used 59989K [0x000000076b400000, 0x0000000770900000, 0x00000007c0000000)
  eden space 65536K, 91% used [0x000000076b400000,0x000000076ee95408,0x000000076f400000)
  from space 10752K, 0% used [0x000000076fe80000,0x000000076fe80000,0x0000000770900000)
  to   space 10752K, 0% used [0x000000076f400000,0x000000076f400000,0x000000076fe80000)
 ParOldGen       total 175104K, used 0K [0x00000006c1c00000, 0x00000006cc700000, 0x000000076b400000)
  object space 175104K, 0% used [0x00000006c1c00000,0x00000006c1c00000,0x00000006cc700000)
 Metaspace       used 12725K, capacity 12942K, committed 13056K, reserved 1060864K
  class space    used 1679K, capacity 1771K, committed 1792K, reserved 1048576K
Event: 3.676 GC heap after
Heap after GC invocations=1 (full 0):
 PSYoungGen      total 76288K, used 3110K [0x000000076b400000, 0x0000000770900000, 0x00000007c0000000)
  eden space 65536K, 0% used [0x000000076b400000,0x000000076b400000,0x000000076f400000)
  from space 10752K, 28% used [0x000000076f400000,0x000000076f709a40,0x000000076fe80000)
  to   space 10752K, 0% used [0x000000076fe80000,0x000000076fe80000,0x0000000770900000)
 ParOldGen       total 175104K, used 32065K [0x00000006c1c00000, 0x00000006cc700000, 0x000000076b400000)
  object space 175104K, 18% used [0x00000006c1c00000,0x00000006c3b50400,0x00000006cc700000)
 Metaspace       used 12725K, capacity 12942K, committed 13056K, reserved 1060864K
  class space    used 1679K, capacity 1771K, committed 1792K, reserved 1048576K
}
Event: 6.312 GC heap before
{Heap before GC invocations=2 (full 0):
 PSYoungGen      total 76288K, used 66379K [0x000000076b400000, 0x0000000770900000, 0x00000007c0000000)
  eden space 65536K, 96% used [0x000000076b400000,0x000000076f1c9210,0x000000076f400000)
  from space 10752K, 28% used [0x000000076f400000,0x000000076f709a40,0x000000076fe80000)
  to   space 10752K, 0% used [0x000000076fe80000,0x000000076fe80000,0x0000000770900000)
 ParOldGen       total 2777088K, used 2696056K [0x00000006c1c00000, 0x000000076b400000, 0x000000076b400000)
  object space 2777088K, 97% used [0x00000006c1c00000,0x00000007664de1f0,0x000000076b400000)
 Metaspace       used 12725K, capacity 12942K, committed 13056K, reserved 1060864K
  class space    used 1679K, capacity 1771K, committed 1792K, reserved 1048576K

Deoptimization events (10 events):
Event: 0.305 Thread 0x000000001e9c1000 Uncommon trap: reason=class_check action=maybe_recompile pc=0x00000000027ee508 method=javax.swing.plaf.nimbus.DerivedColor$UIResource.equals(Ljava/lang/Object;)Z @ 1
Event: 0.305 Thread 0x000000001e9c1000 Uncommon trap: reason=class_check action=maybe_recompile pc=0x00000000027ee508 method=javax.swing.plaf.nimbus.DerivedColor$UIResource.equals(Ljava/lang/Object;)Z @ 1
Event: 0.305 Thread 0x000000001e9c1000 Uncommon trap: reason=class_check action=maybe_recompile pc=0x00000000027ee508 method=javax.swing.plaf.nimbus.DerivedColor$UIResource.equals(Ljava/lang/Object;)Z @ 1
Event: 0.339 Thread 0x000000001e9c1000 Uncommon trap: reason=bimorphic action=maybe_recompile pc=0x00000000027e107c method=java.util.HashMap.putVal(ILjava/lang/Object;Ljava/lang/Object;ZZ)Ljava/lang/Object; @ 152
Event: 0.359 Thread 0x000000001e9c1000 Uncommon trap: reason=unstable_if action=reinterpret pc=0x0000000002808180 method=java.lang.CharacterData.of(I)Ljava/lang/CharacterData; @ 4
Event: 1.958 Thread 0x000000001e9c1000 Uncommon trap: reason=bimorphic action=maybe_recompile pc=0x00000000027e107c method=java.util.HashMap.putVal(ILjava/lang/Object;Ljava/lang/Object;ZZ)Ljava/lang/Object; @ 152
Event: 2.037 Thread 0x000000001e9c1000 Uncommon trap: reason=unstable_if action=reinterpret pc=0x000000000281a350 method=java.awt.MultipleGradientPaintContext.indexIntoGradientsArrays(F)I @ 93
Event: 3.428 Thread 0x000000001e9c1000 Uncommon trap: reason=class_check action=maybe_recompile pc=0x0000000002767550 method=java.lang.String.equals(Ljava/lang/Object;)Z @ 8
Event: 3.429 Thread 0x000000001e9c1000 Uncommon trap: reason=bimorphic action=maybe_recompile pc=0x00000000027e107c method=java.util.HashMap.putVal(ILjava/lang/Object;Ljava/lang/Object;ZZ)Ljava/lang/Object; @ 152
Event: 3.432 Thread 0x000000001e9c1000 Uncommon trap: reason=bimorphic action=maybe_recompile pc=0x00000000027e107c method=java.util.HashMap.putVal(ILjava/lang/Object;Ljava/lang/Object;ZZ)Ljava/lang/Object; @ 152

Classes redefined (0 events):
No events

Internal exceptions (10 events):
Event: 0.201 Thread 0x00000000024e2800 Exception <a 'java/lang/ClassNotFoundException': ToolBar> (0x000000076b94c5d8) thrown at [C:\re\workspace\8-2-build-windows-amd64-cygwin\jdk8u171\10807\hotspot\src\share\vm\classfile\systemDictionary.cpp, line 210]
Event: 0.201 Thread 0x00000000024e2800 Exception <a 'java/lang/ClassNotFoundException': ToggleButton> (0x000000076b94cb88) thrown at [C:\re\workspace\8-2-build-windows-amd64-cygwin\jdk8u171\10807\hotspot\src\share\vm\classfile\systemDictionary.cpp, line 210]
Event: 0.201 Thread 0x00000000024e2800 Exception <a 'java/lang/ClassNotFoundException': javax/swing/JToolBarSeparator> (0x000000076b94cfe8) thrown at [C:\re\workspace\8-2-build-windows-amd64-cygwin\jdk8u171\10807\hotspot\src\share\vm\classfile\systemDictionary.cpp, line 210]
Event: 0.201 Thread 0x00000000024e2800 Exception <a 'java/lang/ClassNotFoundException': ToolBarSeparator> (0x000000076b94d480) thrown at [C:\re\workspace\8-2-build-windows-amd64-cygwin\jdk8u171\10807\hotspot\src\share\vm\classfile\systemDictionary.cpp, line 210]
Event: 0.201 Thread 0x00000000024e2800 Exception <a 'java/lang/ClassNotFoundException': ToolTip> (0x000000076b94dbc0) thrown at [C:\re\workspace\8-2-build-windows-amd64-cygwin\jdk8u171\10807\hotspot\src\share\vm\classfile\systemDictionary.cpp, line 210]
Event: 0.202 Thread 0x00000000024e2800 Exception <a 'java/lang/ClassNotFoundException': Tree> (0x000000076b94e7e0) thrown at [C:\re\workspace\8-2-build-windows-amd64-cygwin\jdk8u171\10807\hotspot\src\share\vm\classfile\systemDictionary.cpp, line 210]
Event: 0.202 Thread 0x00000000024e2800 Exception <a 'java/lang/ClassNotFoundException': Tree> (0x000000076b94ef20) thrown at [C:\re\workspace\8-2-build-windows-amd64-cygwin\jdk8u171\10807\hotspot\src\share\vm\classfile\systemDictionary.cpp, line 210]
Event: 0.202 Thread 0x00000000024e2800 Exception <a 'java/lang/ClassNotFoundException': javax/swing/JTreeCell> (0x000000076b94f2a0) thrown at [C:\re\workspace\8-2-build-windows-amd64-cygwin\jdk8u171\10807\hotspot\src\share\vm\classfile\systemDictionary.cpp, line 210]
Event: 0.202 Thread 0x00000000024e2800 Exception <a 'java/lang/ClassNotFoundException': TreeCell> (0x000000076b94f728) thrown at [C:\re\workspace\8-2-build-windows-amd64-cygwin\jdk8u171\10807\hotspot\src\share\vm\classfile\systemDictionary.cpp, line 210]
Event: 0.202 Thread 0x00000000024e2800 Exception <a 'java/lang/ClassNotFoundException': RootPane> (0x000000076b950188) thrown at [C:\re\workspace\8-2-build-windows-amd64-cygwin\jdk8u171\10807\hotspot\src\share\vm\classfile\systemDictionary.cpp, line 210]

Events (10 events):
Event: 3.573 loading class sun/swing/DefaultLayoutStyle done
Event: 3.582 loading class javax/swing/SizeRequirements
Event: 3.582 loading class javax/swing/SizeRequirements done
Event: 3.600 Thread 0x000000001e9c1000 DEOPT PACKING pc=0x00000000028b7915 sp=0x000000001e3bc930
Event: 3.600 Thread 0x000000001e9c1000 DEOPT UNPACKING pc=0x0000000002627890 sp=0x000000001e3bc728 mode 0
Event: 3.643 Executing VM operation: ParallelGCFailedAllocation
Event: 3.676 Executing VM operation: ParallelGCFailedAllocation done
Event: 4.094 Executing VM operation: EnableBiasedLocking
Event: 4.094 Executing VM operation: EnableBiasedLocking done
Event: 6.312 Executing VM operation: ParallelGCFailedAllocation


Dynamic libraries:
0x00007ff78fbb0000 - 0x00007ff78fbe7000 	C:\Program Files\Java\jdk1.8.0_171\bin\java.exe
0x00007ffa84c80000 - 0x00007ffa84e50000 	C:\Windows\SYSTEM32\ntdll.dll
0x00007ffa840f0000 - 0x00007ffa8419c000 	C:\Windows\System32\KERNEL32.DLL
0x00007ffa81ff0000 - 0x00007ffa8220d000 	C:\Windows\System32\KERNELBASE.dll
0x00007ffa84440000 - 0x00007ffa844e2000 	C:\Windows\System32\ADVAPI32.dll
0x00007ffa83a50000 - 0x00007ffa83aee000 	C:\Windows\System32\msvcrt.dll
0x00007ffa83bc0000 - 0x00007ffa83c19000 	C:\Windows\System32\sechost.dll
0x00007ffa83f90000 - 0x00007ffa840b1000 	C:\Windows\System32\RPCRT4.dll
0x00007ffa83c80000 - 0x00007ffa83de5000 	C:\Windows\System32\USER32.dll
0x00007ffa81dc0000 - 0x00007ffa81dde000 	C:\Windows\System32\win32u.dll
0x00007ffa83df0000 - 0x00007ffa83e24000 	C:\Windows\System32\GDI32.dll
0x00007ffa81280000 - 0x00007ffa81401000 	C:\Windows\System32\gdi32full.dll
0x00007ffa75ae0000 - 0x00007ffa75d5a000 	C:\Windows\WinSxS\amd64_microsoft.windows.common-controls_6595b64144ccf1df_6.0.14393.2608_none_7ddacc7e8347078e\COMCTL32.dll
0x00007ffa849b0000 - 0x00007ffa84c75000 	C:\Windows\System32\combase.dll
0x00007ffa81410000 - 0x00007ffa81505000 	C:\Windows\System32\ucrtbase.dll
0x00007ffa81e80000 - 0x00007ffa81eea000 	C:\Windows\System32\bcryptPrimitives.dll
0x00007ffa840c0000 - 0x00007ffa840ee000 	C:\Windows\System32\IMM32.DLL
0x0000000068c40000 - 0x0000000068d12000 	C:\Program Files\Java\jdk1.8.0_171\jre\bin\msvcr100.dll
0x0000000068d20000 - 0x00000000695c0000 	C:\Program Files\Java\jdk1.8.0_171\jre\bin\server\jvm.dll
0x00007ffa84930000 - 0x00007ffa84938000 	C:\Windows\System32\PSAPI.DLL
0x00007ffa7f440000 - 0x00007ffa7f463000 	C:\Windows\SYSTEM32\WINMM.dll
0x00007ffa6de80000 - 0x00007ffa6de89000 	C:\Windows\SYSTEM32\WSOCK32.dll
0x00007ffa74fe0000 - 0x00007ffa74fea000 	C:\Windows\SYSTEM32\VERSION.dll
0x00007ffa83b50000 - 0x00007ffa83bba000 	C:\Windows\System32\WS2_32.dll
0x0000000000b20000 - 0x0000000000b4b000 	C:\Windows\SYSTEM32\WINMMBASE.dll
0x00007ffa81ef0000 - 0x00007ffa81f32000 	C:\Windows\System32\cfgmgr32.dll
0x0000000069a30000 - 0x0000000069a3f000 	C:\Program Files\Java\jdk1.8.0_171\jre\bin\verify.dll
0x0000000068bd0000 - 0x0000000068bf9000 	C:\Program Files\Java\jdk1.8.0_171\jre\bin\java.dll
0x0000000068bb0000 - 0x0000000068bc6000 	C:\Program Files\Java\jdk1.8.0_171\jre\bin\zip.dll
0x00007ffa822d0000 - 0x00007ffa837d5000 	C:\Windows\System32\SHELL32.dll
0x00007ffa81510000 - 0x00007ffa81be9000 	C:\Windows\System32\windows.storage.dll
0x00007ffa81110000 - 0x00007ffa8115c000 	C:\Windows\System32\powrprof.dll
0x00007ffa83c20000 - 0x00007ffa83c72000 	C:\Windows\System32\shlwapi.dll
0x00007ffa81100000 - 0x00007ffa8110f000 	C:\Windows\System32\kernel.appcore.dll
0x00007ffa811d0000 - 0x00007ffa81279000 	C:\Windows\System32\shcore.dll
0x00007ffa810e0000 - 0x00007ffa810f4000 	C:\Windows\System32\profapi.dll
0x00000000689d0000 - 0x0000000068b68000 	C:\Program Files\Java\jdk1.8.0_171\jre\bin\awt.dll
0x00007ffa82210000 - 0x00007ffa822cf000 	C:\Windows\System32\OLEAUT32.dll
0x00007ffa81de0000 - 0x00007ffa81e7c000 	C:\Windows\System32\msvcp_win.dll
0x00007ffa7f170000 - 0x00007ffa7f1ea000 	C:\Windows\SYSTEM32\apphelp.dll
0x00007ffa7f6c0000 - 0x00007ffa7f755000 	C:\Windows\system32\uxtheme.dll
0x00007ffa83e30000 - 0x00007ffa83f8a000 	C:\Windows\System32\MSCTF.dll
0x00007ffa7f100000 - 0x00007ffa7f126000 	C:\Windows\system32\dwmapi.dll
0x00007ffa83910000 - 0x00007ffa83a48000 	C:\Windows\System32\ole32.dll
0x0000000068980000 - 0x00000000689c7000 	C:\Program Files\Java\jdk1.8.0_171\jre\bin\fontmanager.dll
0x00007ffa64690000 - 0x00007ffa647b3000 	C:\Windows\system32\opengl32.dll
0x00007ffa64080000 - 0x00007ffa64177000 	C:\Windows\SYSTEM32\DDRAW.dll
0x00007ffa76190000 - 0x00007ffa761bd000 	C:\Windows\SYSTEM32\GLU32.dll
0x00007ffa78840000 - 0x00007ffa78848000 	C:\Windows\SYSTEM32\DCIMAN32.dll
0x0000000068b90000 - 0x0000000068baa000 	C:\Program Files\Java\jdk1.8.0_171\jre\bin\net.dll
0x00007ffa809b0000 - 0x00007ffa80a0c000 	C:\Windows\system32\mswsock.dll
0x0000000068b70000 - 0x0000000068b81000 	C:\Program Files\Java\jdk1.8.0_171\jre\bin\nio.dll
0x0000000068930000 - 0x0000000068972000 	C:\Program Files\Java\jdk1.8.0_171\jre\bin\t2k.dll
0x00000000688f0000 - 0x000000006891a000 	C:\Program Files\Java\jdk1.8.0_171\jre\bin\dcpr.dll
0x00007ffa83870000 - 0x00007ffa8390f000 	C:\Windows\System32\clbcatq.dll
0x00007ffa7c560000 - 0x00007ffa7c708000 	C:\Windows\SYSTEM32\WindowsCodecs.dll
0x00007ffa68760000 - 0x00007ffa687a9000 	C:\Windows\system32\dataexchange.dll
0x00007ffa7d2d0000 - 0x00007ffa7d586000 	C:\Windows\system32\d3d11.dll
0x00007ffa7d8f0000 - 0x00007ffa7da41000 	C:\Windows\system32\dcomp.dll
0x00007ffa7fe60000 - 0x00007ffa7feff000 	C:\Windows\system32\dxgi.dll
0x00007ffa7f8c0000 - 0x00007ffa7f9dc000 	C:\Windows\system32\twinapi.appcore.dll
0x00007ffa81020000 - 0x00007ffa8104b000 	C:\Windows\system32\bcrypt.dll
0x00007ffa68900000 - 0x00007ffa68a92000 	C:\Windows\SYSTEM32\dbghelp.dll

VM Arguments:
jvm_args: -Dfile.encoding=UTF-8 
java_command: KanjiCounting.MainMenu
java_class_path (initial): C:\Users\h-drennen\Dropbox\Java-Drennen-Hayden\NetBeansProjects\RollEmPigs\build\classes;C:\Program Files\NetBeans 8.2\java\modules\ext\AbsoluteLayout.jar;C:\Users\h-drennen\Dropbox\MP5 Millennium\KanjiCounting\build\classes
Launcher Type: SUN_STANDARD

Environment Variables:
PATH=C:\Program Files (x86)\NVIDIA Corporation\PhysX\Common;C:\Program Files (x86)\Common Files\Oracle\Java\javapath;C:\Windows\system32;C:\Windows;C:\Windows\System32\Wbem;C:\Windows\System32\WindowsPowerShell\v1.0\;C:\Program Files\MATLAB\R2018a\bin;C:\Program Files\Microsoft SQL Server\Client SDK\ODBC\110\Tools\Binn\;C:\Program Files (x86)\Microsoft SQL Server\120\Tools\Binn\;C:\Program Files\Microsoft SQL Server\120\Tools\Binn\;C:\Program Files\Microsoft SQL Server\120\DTS\Binn\;C:\Program Files (x86)\Windows Kits\8.1\Windows Performance Toolkit\;C:\Program Files (x86)\National Instruments\Shared\LabVIEW CLI;C:\Program Files (x86)\IVI Foundation\IVI\bin;C:\Program Files\IVI Foundation\IVI\bin;C:\Program Files (x86)\IVI Foundation\VISA\WinNT\Bin\;C:\Program Files\IVI Foundation\VISA\Win64\Bin\;C:\Program Files (x86)\IVI Foundation\VISA\WinNT\Bin;C:\Users\h-drennen\AppData\Local\Microsoft\WindowsApps;
USERNAME=h-drennen
OS=Windows_NT
PROCESSOR_IDENTIFIER=Intel64 Family 6 Model 94 Stepping 3, GenuineIntel



---------------  S Y S T E M  ---------------

OS: Windows 10.0 , 64 bit Build 14393 (10.0.14393.2608)

CPU:total 4 (initial active 4) (4 cores per cpu, 1 threads per core) family 6 model 94 stepping 3, cmov, cx8, fxsr, mmx, sse, sse2, sse3, ssse3, sse4.1, sse4.2, popcnt, avx, avx2, aes, clmul, erms, rtm, 3dnowpref, lzcnt, tsc, tscinvbit, bmi1, bmi2, adx

Memory: 4k page, physical 16659320k(7924948k free), swap 19149688k(10177608k free)

vm_info: Java HotSpot(TM) 64-Bit Server VM (25.171-b11) for windows-amd64 JRE (1.8.0_171-b11), built on Mar 28 2018 16:06:12 by "java_re" with MS VC++ 10.0 (VS2010)

time: Tue Apr 23 15:01:18 2019
elapsed time: 6 seconds (0d 0h 0m 6s)

